Started GET "/" for 127.0.0.1 at 2023-03-30 20:04:11 +0300
Processing by RootController#index as HTML
  Rendering layout layouts/application.html.erb
  Rendering root/index.html.erb within layouts/application
  Rendered root/index.html.erb within layouts/application (Duration: 5.1ms | Allocations: 486)
  Rendered layout layouts/application.html.erb (Duration: 453.3ms | Allocations: 76657)
Completed 500 Internal Server Error in 496ms (ActiveRecord: 0.0ms | Allocations: 81661)


  
ActionView::Template::Error (Permission denied @ rb_file_s_rename - (D:/hello-rails-react/hello-rails-react/tmp/cache/assets/sprockets/v4.0.0/Kh/KhTqX3iKak9iED5D-bQfQ7Kw5GoZg0N3zWS3uJQPxJA.cache.21060.4572.595629, D:/hello-rails-react/hello-rails-react/tmp/cache/assets/sprockets/v4.0.0/Kh/KhTqX3iKak9iED5D-bQfQ7Kw5GoZg0N3zWS3uJQPxJA.cache)):
  
sprockets (4.2.0) lib/sprockets/path_utils.rb:362:in `rename'
sprockets (4.2.0) lib/sprockets/path_utils.rb:362:in `atomic_write'
sprockets (4.2.0) lib/sprockets/cache/file_store.rb:112:in `set'
sprockets (4.2.0) lib/sprockets/cache.rb:227:in `set'
sprockets (4.2.0) lib/sprockets/cache.rb:143:in `set'
sprockets (4.2.0) lib/sprockets/loader.rb:341:in `fetch_asset_from_dependency_cache'
sprockets (4.2.0) lib/sprockets/loader.rb:43:in `load'
sprockets (4.2.0) lib/sprockets/cached_environment.rb:44:in `block in load'
concurrent-ruby (1.2.2) lib/concurrent-ruby/concurrent/map.rb:207:in `block in fetch_or_store'
concurrent-ruby (1.2.2) lib/concurrent-ruby/concurrent/map.rb:187:in `fetch'
concurrent-ruby (1.2.2) lib/concurrent-ruby/concurrent/map.rb:206:in `fetch_or_store'
sprockets (4.2.0) lib/sprockets/cached_environment.rb:44:in `load'
sprockets (4.2.0) lib/sprockets/bundle.rb:32:in `block in call'
C:/Ruby31-x64/lib/ruby/3.1.0/set.rb:511:in `each_key'
C:/Ruby31-x64/lib/ruby/3.1.0/set.rb:511:in `each'
sprockets (4.2.0) lib/sprockets/bundle.rb:31:in `call'
sprockets (4.2.0) lib/sprockets/processor_utils.rb:84:in `call_processor'
sprockets (4.2.0) lib/sprockets/processor_utils.rb:66:in `block in call_processors'
sprockets (4.2.0) lib/sprockets/processor_utils.rb:65:in `reverse_each'
sprockets (4.2.0) lib/sprockets/processor_utils.rb:65:in `call_processors'
sprockets (4.2.0) lib/sprockets/loader.rb:182:in `load_from_unloaded'
sprockets (4.2.0) lib/sprockets/loader.rb:59:in `block in load'
sprockets (4.2.0) lib/sprockets/loader.rb:337:in `fetch_asset_from_dependency_cache'
sprockets (4.2.0) lib/sprockets/loader.rb:43:in `load'
sprockets (4.2.0) lib/sprockets/cached_environment.rb:44:in `block in load'
concurrent-ruby (1.2.2) lib/concurrent-ruby/concurrent/map.rb:207:in `block in fetch_or_store'
concurrent-ruby (1.2.2) lib/concurrent-ruby/concurrent/map.rb:187:in `fetch'
concurrent-ruby (1.2.2) lib/concurrent-ruby/concurrent/map.rb:206:in `fetch_or_store'
sprockets (4.2.0) lib/sprockets/cached_environment.rb:44:in `load'
sprockets (4.2.0) lib/sprockets/base.rb:81:in `find_asset'
sprockets (4.2.0) lib/sprockets/base.rb:88:in `find_all_linked_assets'
sprockets (4.2.0) lib/sprockets/manifest.rb:125:in `each'
sprockets (4.2.0) lib/sprockets/manifest.rb:125:in `to_a'
sprockets (4.2.0) lib/sprockets/manifest.rb:125:in `block (2 levels) in find'
concurrent-ruby (1.2.2) lib/concurrent-ruby/concurrent/executor/safe_task_executor.rb:24:in `block in execute'
concurrent-ruby (1.2.2) lib/concurrent-ruby/concurrent/synchronization/mutex_lockable_object.rb:48:in `block in synchronize'
concurrent-ruby (1.2.2) lib/concurrent-ruby/concurrent/synchronization/mutex_lockable_object.rb:48:in `synchronize'
concurrent-ruby (1.2.2) lib/concurrent-ruby/concurrent/synchronization/mutex_lockable_object.rb:48:in `synchronize'
concurrent-ruby (1.2.2) lib/concurrent-ruby/concurrent/executor/safe_task_executor.rb:22:in `execute'
concurrent-ruby (1.2.2) lib/concurrent-ruby/concurrent/promise.rb:564:in `block in realize'
concurrent-ruby (1.2.2) lib/concurrent-ruby/concurrent/executor/ruby_thread_pool_executor.rb:352:in `run_task'
concurrent-ruby (1.2.2) lib/concurrent-ruby/concurrent/executor/ruby_thread_pool_executor.rb:343:in `block (3 levels) in create_worker'
concurrent-ruby (1.2.2) lib/concurrent-ruby/concurrent/executor/ruby_thread_pool_executor.rb:334:in `loop'
concurrent-ruby (1.2.2) lib/concurrent-ruby/concurrent/executor/ruby_thread_pool_executor.rb:334:in `block (2 levels) in create_worker'
concurrent-ruby (1.2.2) lib/concurrent-ruby/concurrent/executor/ruby_thread_pool_executor.rb:333:in `catch'
concurrent-ruby (1.2.2) lib/concurrent-ruby/concurrent/executor/ruby_thread_pool_executor.rb:333:in `block in create_worker'
Started GET "/" for 127.0.0.1 at 2023-03-30 20:09:58 +0300
Processing by RootController#index as HTML
  Rendering layout layouts/application.html.erb
  Rendering root/index.html.erb within layouts/application
  Rendered root/index.html.erb within layouts/application (Duration: 1.8ms | Allocations: 357)
  Rendered layout layouts/application.html.erb (Duration: 90.5ms | Allocations: 28001)
Completed 200 OK in 107ms (Views: 97.0ms | ActiveRecord: 0.0ms | Allocations: 31600)


  [1m[35m (406.7ms)[0m  [1m[35mCREATE DATABASE "hellow-rails-react-development" ENCODING = 'unicode'[0m
  [1m[35m (407.0ms)[0m  [1m[35mCREATE DATABASE "hellow-rails-react_test" ENCODING = 'unicode'[0m
  [1m[35m (14.2ms)[0m  [1m[35mCREATE TABLE "schema_migrations" ("version" character varying NOT NULL PRIMARY KEY)[0m
  [1m[35m (4.0ms)[0m  [1m[35mCREATE TABLE "ar_internal_metadata" ("key" character varying NOT NULL PRIMARY KEY, "value" character varying, "created_at" timestamp(6) NOT NULL, "updated_at" timestamp(6) NOT NULL)[0m
  [1m[35m (0.4ms)[0m  [1m[34mSELECT pg_try_advisory_lock(3518981853116149875)[0m
  [1m[36mActiveRecord::SchemaMigration Pluck (0.4ms)[0m  [1m[34mSELECT "schema_migrations"."version" FROM "schema_migrations" ORDER BY "schema_migrations"."version" ASC[0m
Migrating to CreateMessages (20230330171835)
  [1m[36mTRANSACTION (0.4ms)[0m  [1m[35mBEGIN[0m
  [1m[35m (4.8ms)[0m  [1m[35mCREATE TABLE "messages" ("id" bigserial primary key, "content" character varying, "created_at" timestamp(6) NOT NULL, "updated_at" timestamp(6) NOT NULL)[0m
  [1m[36mActiveRecord::SchemaMigration Create (1.2ms)[0m  [1m[32mINSERT INTO "schema_migrations" ("version") VALUES ($1) RETURNING "version"[0m  [["version", "20230330171835"]]
  [1m[36mTRANSACTION (0.4ms)[0m  [1m[35mCOMMIT[0m
  [1m[36mActiveRecord::InternalMetadata Load (0.3ms)[0m  [1m[34mSELECT "ar_internal_metadata".* FROM "ar_internal_metadata" WHERE "ar_internal_metadata"."key" = $1 LIMIT $2[0m  [["key", "environment"], ["LIMIT", 1]]
  [1m[36mTRANSACTION (0.2ms)[0m  [1m[35mBEGIN[0m
  [1m[36mActiveRecord::InternalMetadata Create (0.7ms)[0m  [1m[32mINSERT INTO "ar_internal_metadata" ("key", "value", "created_at", "updated_at") VALUES ($1, $2, $3, $4) RETURNING "key"[0m  [["key", "environment"], ["value", "development"], ["created_at", "2023-03-30 17:19:24.519910"], ["updated_at", "2023-03-30 17:19:24.519910"]]
  [1m[36mTRANSACTION (0.4ms)[0m  [1m[35mCOMMIT[0m
  [1m[35m (0.5ms)[0m  [1m[34mSELECT pg_advisory_unlock(3518981853116149875)[0m
  [1m[36mActiveRecord::SchemaMigration Pluck (10.6ms)[0m  [1m[34mSELECT "schema_migrations"."version" FROM "schema_migrations" ORDER BY "schema_migrations"."version" ASC[0m
Started GET "/" for 127.0.0.1 at 2023-03-30 20:21:31 +0300
  [1m[36mActiveRecord::SchemaMigration Pluck (0.4ms)[0m  [1m[34mSELECT "schema_migrations"."version" FROM "schema_migrations" ORDER BY "schema_migrations"."version" ASC[0m
Processing by RootController#index as HTML
  Rendering layout layouts/application.html.erb
  Rendering root/index.html.erb within layouts/application
  Rendered root/index.html.erb within layouts/application (Duration: 1.7ms | Allocations: 358)
  Rendered layout layouts/application.html.erb (Duration: 83.2ms | Allocations: 22702)
Completed 200 OK in 98ms (Views: 89.0ms | ActiveRecord: 0.0ms | Allocations: 26297)


Started GET "/" for 127.0.0.1 at 2023-03-30 20:30:43 +0300
  [1m[36mActiveRecord::SchemaMigration Pluck (0.4ms)[0m  [1m[34mSELECT "schema_migrations"."version" FROM "schema_migrations" ORDER BY "schema_migrations"."version" ASC[0m
Processing by RootController#index as HTML
  Rendering layout layouts/application.html.erb
  Rendering root/index.html.erb within layouts/application
  Rendered root/index.html.erb within layouts/application (Duration: 73.1ms | Allocations: 21531)
  Rendered layout layouts/application.html.erb (Duration: 76.6ms | Allocations: 23512)
Completed 200 OK in 89ms (Views: 82.4ms | ActiveRecord: 0.0ms | Allocations: 27107)


Started GET "/greetings" for 127.0.0.1 at 2023-03-30 20:30:50 +0300
  
ActionController::RoutingError (No route matches [GET] "/greetings"):
  
Started GET "/" for 127.0.0.1 at 2023-03-30 20:30:57 +0300
Processing by RootController#index as HTML
  Rendering layout layouts/application.html.erb
  Rendering root/index.html.erb within layouts/application
  Rendered root/index.html.erb within layouts/application (Duration: 14.5ms | Allocations: 1840)
  Rendered layout layouts/application.html.erb (Duration: 20.7ms | Allocations: 3472)
Completed 200 OK in 23ms (Views: 22.8ms | ActiveRecord: 0.0ms | Allocations: 3776)


Started GET "/api/v1" for 127.0.0.1 at 2023-03-30 20:31:03 +0300
  
ActionController::RoutingError (No route matches [GET] "/api/v1"):
  
  [1m[36mActiveRecord::SchemaMigration Pluck (0.5ms)[0m  [1m[34mSELECT "schema_migrations"."version" FROM "schema_migrations" ORDER BY "schema_migrations"."version" ASC[0m
  [1m[36mTRANSACTION (0.2ms)[0m  [1m[35mBEGIN[0m
  [1m[36mMessage Create (1.5ms)[0m  [1m[32mINSERT INTO "messages" ("content", "created_at", "updated_at") VALUES ($1, $2, $3) RETURNING "id"[0m  [["content", "selam new!"], ["created_at", "2023-03-30 17:32:26.369425"], ["updated_at", "2023-03-30 17:32:26.369425"]]
  [1m[36mTRANSACTION (5.9ms)[0m  [1m[35mCOMMIT[0m
  [1m[36mTRANSACTION (0.2ms)[0m  [1m[35mBEGIN[0m
  [1m[36mMessage Create (0.5ms)[0m  [1m[32mINSERT INTO "messages" ("content", "created_at", "updated_at") VALUES ($1, $2, $3) RETURNING "id"[0m  [["content", "Hello!"], ["created_at", "2023-03-30 17:32:26.379814"], ["updated_at", "2023-03-30 17:32:26.379814"]]
  [1m[36mTRANSACTION (0.4ms)[0m  [1m[35mCOMMIT[0m
  [1m[36mTRANSACTION (0.3ms)[0m  [1m[35mBEGIN[0m
  [1m[36mMessage Create (0.4ms)[0m  [1m[32mINSERT INTO "messages" ("content", "created_at", "updated_at") VALUES ($1, $2, $3) RETURNING "id"[0m  [["content", "aymele!"], ["created_at", "2023-03-30 17:32:26.382993"], ["updated_at", "2023-03-30 17:32:26.382993"]]
  [1m[36mTRANSACTION (0.4ms)[0m  [1m[35mCOMMIT[0m
  [1m[36mTRANSACTION (0.3ms)[0m  [1m[35mBEGIN[0m
  [1m[36mMessage Create (0.4ms)[0m  [1m[32mINSERT INTO "messages" ("content", "created_at", "updated_at") VALUES ($1, $2, $3) RETURNING "id"[0m  [["content", "Hey!"], ["created_at", "2023-03-30 17:32:26.387676"], ["updated_at", "2023-03-30 17:32:26.387676"]]
  [1m[36mTRANSACTION (0.7ms)[0m  [1m[35mCOMMIT[0m
  [1m[36mTRANSACTION (0.3ms)[0m  [1m[35mBEGIN[0m
  [1m[36mMessage Create (0.3ms)[0m  [1m[32mINSERT INTO "messages" ("content", "created_at", "updated_at") VALUES ($1, $2, $3) RETURNING "id"[0m  [["content", "What's up?"], ["created_at", "2023-03-30 17:32:26.391982"], ["updated_at", "2023-03-30 17:32:26.391982"]]
  [1m[36mTRANSACTION (0.3ms)[0m  [1m[35mCOMMIT[0m
Started GET "/" for 127.0.0.1 at 2023-03-30 20:45:34 +0300
  [1m[36mActiveRecord::SchemaMigration Pluck (0.9ms)[0m  [1m[34mSELECT "schema_migrations"."version" FROM "schema_migrations" ORDER BY "schema_migrations"."version" ASC[0m
Processing by RootController#index as HTML
  Rendering layout layouts/application.html.erb
  Rendering root/index.html.erb within layouts/application
  Rendered root/index.html.erb within layouts/application (Duration: 105.7ms | Allocations: 21753)
  Rendered layout layouts/application.html.erb (Duration: 110.1ms | Allocations: 23836)
Completed 200 OK in 158ms (Views: 131.1ms | ActiveRecord: 0.0ms | Allocations: 27431)


Started GET "/Greeting" for 127.0.0.1 at 2023-03-30 20:45:38 +0300
  
ActionController::RoutingError (No route matches [GET] "/Greeting"):
  
Started GET "/" for 127.0.0.1 at 2023-03-30 20:55:32 +0300
  [1m[36mActiveRecord::SchemaMigration Pluck (0.4ms)[0m  [1m[34mSELECT "schema_migrations"."version" FROM "schema_migrations" ORDER BY "schema_migrations"."version" ASC[0m
Processing by RootController#index as HTML
  Rendering layout layouts/application.html.erb
  Rendering root/index.html.erb within layouts/application
  Rendered root/index.html.erb within layouts/application (Duration: 70.9ms | Allocations: 21697)
  Rendered layout layouts/application.html.erb (Duration: 74.2ms | Allocations: 23789)
Completed 200 OK in 88ms (Views: 80.4ms | ActiveRecord: 0.0ms | Allocations: 27384)


Started GET "/" for 127.0.0.1 at 2023-03-30 21:04:12 +0300
  [1m[36mActiveRecord::SchemaMigration Pluck (1.0ms)[0m  [1m[34mSELECT "schema_migrations"."version" FROM "schema_migrations" ORDER BY "schema_migrations"."version" ASC[0m
Processing by RootController#index as HTML
  Rendering layout layouts/application.html.erb
  Rendering root/index.html.erb within layouts/application
  Rendered root/index.html.erb within layouts/application (Duration: 266.4ms | Allocations: 22388)
  Rendered layout layouts/application.html.erb (Duration: 270.3ms | Allocations: 24468)
Completed 200 OK in 345ms (Views: 293.8ms | ActiveRecord: 0.0ms | Allocations: 28063)


Started GET "/" for 127.0.0.1 at 2023-03-30 21:10:06 +0300
Processing by RootController#index as HTML
  Rendering layout layouts/application.html.erb
  Rendering root/index.html.erb within layouts/application
  Rendered root/index.html.erb within layouts/application (Duration: 8.3ms | Allocations: 1837)
  Rendered layout layouts/application.html.erb (Duration: 12.3ms | Allocations: 3489)
Completed 200 OK in 15ms (Views: 14.1ms | ActiveRecord: 0.0ms | Allocations: 3813)


Started GET "/" for 127.0.0.1 at 2023-03-30 21:10:07 +0300
Processing by RootController#index as HTML
  Rendering layout layouts/application.html.erb
  Rendering root/index.html.erb within layouts/application
  Rendered root/index.html.erb within layouts/application (Duration: 8.9ms | Allocations: 1714)
  Rendered layout layouts/application.html.erb (Duration: 11.7ms | Allocations: 3310)
Completed 200 OK in 14ms (Views: 13.8ms | ActiveRecord: 0.0ms | Allocations: 3572)


Started GET "/greeting" for 127.0.0.1 at 2023-03-30 21:10:14 +0300
  
ActionController::RoutingError (No route matches [GET] "/greeting"):
  
Started GET "/api/v1/messages/random" for ::1 at 2023-03-30 21:10:57 +0300
Processing by Api::V1::MessagesController#random as HTML
  [1m[36mMessage Load (0.9ms)[0m  [1m[34mSELECT "messages".* FROM "messages" ORDER BY RANDOM() LIMIT $1[0m  [["LIMIT", 1]]
  ↳ app/controllers/api/v1/messages_controller.rb:3:in `random'
Completed 200 OK in 132ms (Views: 0.9ms | ActiveRecord: 20.3ms | Allocations: 9426)


Started GET "/api/v1/messages/random" for ::1 at 2023-03-30 21:11:02 +0300
Processing by Api::V1::MessagesController#random as HTML
  [1m[36mMessage Load (0.4ms)[0m  [1m[34mSELECT "messages".* FROM "messages" ORDER BY RANDOM() LIMIT $1[0m  [["LIMIT", 1]]
  ↳ app/controllers/api/v1/messages_controller.rb:3:in `random'
Completed 200 OK in 5ms (Views: 1.3ms | ActiveRecord: 0.4ms | Allocations: 888)


Started GET "/api/v1/messages/random" for ::1 at 2023-03-30 21:11:04 +0300
Processing by Api::V1::MessagesController#random as HTML
  [1m[36mMessage Load (0.7ms)[0m  [1m[34mSELECT "messages".* FROM "messages" ORDER BY RANDOM() LIMIT $1[0m  [["LIMIT", 1]]
  ↳ app/controllers/api/v1/messages_controller.rb:3:in `random'
Completed 200 OK in 3ms (Views: 0.3ms | ActiveRecord: 0.7ms | Allocations: 769)


